Determining if the pthread_create exist failed with the following output:
Change Dir: /home/wh/code/C++Code/aruco_road_multiCamera/build/CMakeFiles/CMakeTmp

Run Build Command:"/usr/bin/make" "cmTC_b12d9/fast"
/usr/bin/make -f CMakeFiles/cmTC_b12d9.dir/build.make CMakeFiles/cmTC_b12d9.dir/build
make[1]: 进入目录“/home/wh/code/C++Code/aruco_road_multiCamera/build/CMakeFiles/CMakeTmp”
Building C object CMakeFiles/cmTC_b12d9.dir/CheckSymbolExists.c.o
/usr/bin/gcc-7    -o CMakeFiles/cmTC_b12d9.dir/CheckSymbolExists.c.o   -c /home/wh/code/C++Code/aruco_road_multiCamera/build/CMakeFiles/CMakeTmp/CheckSymbolExists.c
Linking C executable cmTC_b12d9
/usr/bin/cmake -E cmake_link_script CMakeFiles/cmTC_b12d9.dir/link.txt --verbose=1
/usr/bin/gcc-7      -rdynamic CMakeFiles/cmTC_b12d9.dir/CheckSymbolExists.c.o  -o cmTC_b12d9 
CMakeFiles/cmTC_b12d9.dir/CheckSymbolExists.c.o：在函数‘main’中：
CheckSymbolExists.c:(.text+0x1b)：对‘pthread_create’未定义的引用
collect2: error: ld returned 1 exit status
CMakeFiles/cmTC_b12d9.dir/build.make:97: recipe for target 'cmTC_b12d9' failed
make[1]: *** [cmTC_b12d9] Error 1
make[1]: 离开目录“/home/wh/code/C++Code/aruco_road_multiCamera/build/CMakeFiles/CMakeTmp”
Makefile:126: recipe for target 'cmTC_b12d9/fast' failed
make: *** [cmTC_b12d9/fast] Error 2

File /home/wh/code/C++Code/aruco_road_multiCamera/build/CMakeFiles/CMakeTmp/CheckSymbolExists.c:
/* */
#include <pthread.h>

int main(int argc, char** argv)
{
  (void)argv;
#ifndef pthread_create
  return ((int*)(&pthread_create))[argc];
#else
  (void)argc;
  return 0;
#endif
}

Determining if the function pthread_create exists in the pthreads failed with the following output:
Change Dir: /home/wh/code/C++Code/aruco_road_multiCamera/build/CMakeFiles/CMakeTmp

Run Build Command:"/usr/bin/make" "cmTC_8cd6e/fast"
/usr/bin/make -f CMakeFiles/cmTC_8cd6e.dir/build.make CMakeFiles/cmTC_8cd6e.dir/build
make[1]: 进入目录“/home/wh/code/C++Code/aruco_road_multiCamera/build/CMakeFiles/CMakeTmp”
Building C object CMakeFiles/cmTC_8cd6e.dir/CheckFunctionExists.c.o
/usr/bin/gcc-7   -DCHECK_FUNCTION_EXISTS=pthread_create   -o CMakeFiles/cmTC_8cd6e.dir/CheckFunctionExists.c.o   -c /usr/share/cmake-3.10/Modules/CheckFunctionExists.c
Linking C executable cmTC_8cd6e
/usr/bin/cmake -E cmake_link_script CMakeFiles/cmTC_8cd6e.dir/link.txt --verbose=1
/usr/bin/gcc-7  -DCHECK_FUNCTION_EXISTS=pthread_create    -rdynamic CMakeFiles/cmTC_8cd6e.dir/CheckFunctionExists.c.o  -o cmTC_8cd6e -lpthreads 
/usr/bin/ld: 找不到 -lpthreads
collect2: error: ld returned 1 exit status
CMakeFiles/cmTC_8cd6e.dir/build.make:97: recipe for target 'cmTC_8cd6e' failed
make[1]: *** [cmTC_8cd6e] Error 1
make[1]: 离开目录“/home/wh/code/C++Code/aruco_road_multiCamera/build/CMakeFiles/CMakeTmp”
Makefile:126: recipe for target 'cmTC_8cd6e/fast' failed
make: *** [cmTC_8cd6e/fast] Error 2


